<?xml version="1.0" encoding="UTF-8"?>
<!-- Generated by org.testng.reporters.JUnitXMLReporter -->
<testsuite ignored="0" hostname="gurmuni124822" failures="0" tests="3" name="Test-Parallel" time="13.75" errors="0" timestamp="2022-01-21T22:55:11 IST">
  <testcase classname="com.test.selenium.TestBase" name="test2" time="0.005"/>
  <testcase classname="com.test.selenium.TestBase" name="test3" time="0.006"/>
  <testcase classname="com.test.selenium.TestBase" name="test" time="10.163"/>
</testsuite> <!-- Test-Parallel -->
