<?xml version="1.0" encoding="UTF-8"?>
<!-- Generated by org.testng.reporters.JUnitReportReporter -->
<testsuite hostname="gurmuni124822" failures="0" tests="3" name="com.test.selenium.TestBase" time="8.360" errors="0" timestamp="2022-01-23T13:37:14 IST" skipped="0">
  <testcase classname="com.test.selenium.TestBase" name="test" time="8.356"/>
  <system-out/>
  <testcase classname="com.test.selenium.TestBase" name="test2" time="0.002"/>
  <system-out/>
  <testcase classname="com.test.selenium.TestBase" name="test3" time="0.002"/>
  <system-out/>
</testsuite> <!-- com.test.selenium.TestBase -->
